2020-01-30 16:47:38  2020-01-20
2020-01-30 16:47:38  Расчет качаний
2020-01-30 16:49:49  Расчет качаний Add
2020-01-30 16:50:37  2020-01-14
2020-01-30 16:50:37  Расчет Подклиниваний
2020-01-30 16:55:59  Расчет Подклиниваний Add
2020-01-30 16:56:23  Расчет дебита Add
2020-01-30 16:56:23  Расчет средних
2020-01-30 16:57:45  Расчет средних Add
2020-01-30 16:57:45  Расчет статусов
2020-01-30 16:57:45  Расчет статусов Add
2020-01-30 16:57:45  Расчет времения работы
2020-01-30 16:58:12  Расчет времения работы Add
2020-01-30 16:58:12  Расчет качаний
2020-01-30 16:58:22  Расчет качаний Add
2020-01-30 17:04:29  2020-01-13
2020-01-30 17:04:29  Расчет Подклиниваний
2020-01-30 17:06:21  Расчет Подклиниваний Add
2020-01-30 17:06:27  Расчет дебита Add
2020-01-30 17:06:27  Расчет средних
2020-01-30 17:06:52  Расчет средних Add
2020-01-30 17:06:52  Расчет статусов
2020-01-30 17:06:52  Расчет статусов Add
2020-01-30 17:06:52  Расчет времения работы
2020-01-30 17:06:56  Расчет времения работы Add
2020-01-30 17:06:56  Расчет качаний
2020-01-30 17:07:02  Расчет качаний Add
2020-01-30 17:07:03  All time 153.57453894615
2020-01-30 17:07:03  2020-01-12
2020-01-30 17:07:03  Расчет Подклиниваний
2020-01-30 17:07:03  Расчет Подклиниваний Add
2020-01-30 17:07:05  Расчет дебита Add
2020-01-30 17:07:05  Расчет средних
2020-01-30 17:07:05  Расчет средних Add
2020-01-30 17:07:05  Расчет статусов
2020-01-30 17:07:05  Расчет статусов Add
2020-01-30 17:07:05  Расчет времения работы
2020-01-30 17:07:05  Расчет времения работы Add
2020-01-30 17:07:05  Расчет качаний
2020-01-30 17:07:05  Расчет качаний Add
2020-01-30 17:07:06  All time 156.50055789948
2020-01-30 17:07:06  2020-01-11
2020-01-30 17:07:06  Расчет Подклиниваний
2020-01-30 17:07:06  Расчет Подклиниваний Add
2020-01-30 17:07:08  Расчет дебита Add
2020-01-30 17:07:08  Расчет средних
2020-01-30 17:07:08  Расчет средних Add
2020-01-30 17:07:08  Расчет статусов
2020-01-30 17:07:08  Расчет статусов Add
2020-01-30 17:07:08  Расчет времения работы
2020-01-30 17:07:08  Расчет времения работы Add
2020-01-30 17:07:08  Расчет качаний
2020-01-30 17:07:08  Расчет качаний Add
2020-01-30 17:07:09  All time 159.53815484047
2020-01-30 17:07:09  2020-01-10
2020-01-30 17:07:09  Расчет Подклиниваний
2020-01-30 17:07:09  Расчет Подклиниваний Add
2020-01-30 17:07:11  Расчет дебита Add
2020-01-30 17:07:11  Расчет средних
2020-01-30 17:07:11  Расчет средних Add
2020-01-30 17:07:11  Расчет статусов
2020-01-30 17:07:11  Расчет статусов Add
2020-01-30 17:07:11  Расчет времения работы
2020-01-30 17:07:11  Расчет времения работы Add
2020-01-30 17:07:11  Расчет качаний
2020-01-30 17:07:11  Расчет качаний Add
2020-01-30 17:07:12  All time 162.5285949707
2020-01-30 17:07:12  2020-01-09
2020-01-30 17:07:12  Расчет Подклиниваний
2020-01-30 17:10:50  Расчет Подклиниваний Add
2020-01-30 17:10:56  Расчет дебита Add
2020-01-30 17:10:56  Расчет средних
2020-01-30 17:11:30  Расчет средних Add
2020-01-30 17:11:30  Расчет статусов
2020-01-30 17:11:30  Расчет статусов Add
2020-01-30 17:11:30  Расчет времения работы
2020-01-30 17:11:35  Расчет времения работы Add
2020-01-30 17:11:35  Расчет качаний
2020-01-30 17:11:38  Расчет качаний Add
2020-01-30 17:11:39  All time 429.47694396973
2020-01-30 17:11:39  2020-01-08
2020-01-30 17:11:39  Расчет Подклиниваний
2020-01-30 17:15:11  Расчет Подклиниваний Add
2020-01-30 17:15:18  Расчет дебита Add
2020-01-30 17:15:18  Расчет средних
2020-01-30 17:15:43  Расчет средних Add
2020-01-30 17:15:43  Расчет статусов
2020-01-30 17:15:43  Расчет статусов Add
2020-01-30 17:15:43  Расчет времения работы
2020-01-30 17:15:48  Расчет времения работы Add
2020-01-30 17:15:48  Расчет качаний
2020-01-30 17:15:53  Расчет качаний Add
2020-01-30 17:15:54  All time 684.64348506927
2020-01-30 17:15:54  2020-01-07
2020-01-30 17:15:54  Расчет Подклиниваний
2020-01-30 17:15:54  Расчет Подклиниваний Add
2020-01-30 17:15:56  Расчет дебита Add
2020-01-30 17:15:56  Расчет средних
2020-01-30 17:15:56  Расчет средних Add
2020-01-30 17:15:56  Расчет статусов
2020-01-30 17:15:56  Расчет статусов Add
2020-01-30 17:15:56  Расчет времения работы
2020-01-30 17:15:56  Расчет времения работы Add
2020-01-30 17:15:56  Расчет качаний
2020-01-30 17:15:56  Расчет качаний Add
2020-01-30 17:15:57  All time 687.56140089035
2020-01-30 17:15:57  2020-01-06
2020-01-30 17:15:57  Расчет Подклиниваний
2020-01-30 17:15:57  Расчет Подклиниваний Add
2020-01-30 17:15:59  Расчет дебита Add
2020-01-30 17:15:59  Расчет средних
2020-01-30 17:15:59  Расчет средних Add
2020-01-30 17:15:59  Расчет статусов
2020-01-30 17:15:59  Расчет статусов Add
2020-01-30 17:15:59  Расчет времения работы
2020-01-30 17:15:59  Расчет времения работы Add
2020-01-30 17:15:59  Расчет качаний
2020-01-30 17:15:59  Расчет качаний Add
2020-01-30 17:16:00  All time 690.61930990219
2020-01-30 17:16:00  2020-01-05
2020-01-30 17:16:00  Расчет Подклиниваний
2020-01-30 17:16:00  Расчет Подклиниваний Add
2020-01-30 17:16:02  Расчет дебита Add
2020-01-30 17:16:02  Расчет средних
2020-01-30 17:16:02  Расчет средних Add
2020-01-30 17:16:02  Расчет статусов
2020-01-30 17:16:02  Расчет статусов Add
2020-01-30 17:16:02  Расчет времения работы
2020-01-30 17:16:02  Расчет времения работы Add
2020-01-30 17:16:02  Расчет качаний
2020-01-30 17:16:02  Расчет качаний Add
2020-01-30 17:16:03  All time 693.67122387886
2020-01-30 17:16:03  2020-01-04
2020-01-30 17:16:03  Расчет Подклиниваний
2020-01-30 17:16:03  Расчет Подклиниваний Add
2020-01-30 17:16:05  Расчет дебита Add
2020-01-30 17:16:05  Расчет средних
2020-01-30 17:16:05  Расчет средних Add
2020-01-30 17:16:05  Расчет статусов
2020-01-30 17:16:05  Расчет статусов Add
2020-01-30 17:16:05  Расчет времения работы
2020-01-30 17:16:05  Расчет времения работы Add
2020-01-30 17:16:05  Расчет качаний
2020-01-30 17:16:05  Расчет качаний Add
2020-01-30 17:16:06  All time 696.69994401932
2020-02-18 15:38:58  >Расчет дебита 2020-02-17
2020-02-18 15:40:33  Расчет дебита Add
2020-02-18 15:40:33  >Расчет дебита 2020-02-16
2020-02-18 15:40:52  Расчет дебита Add
2020-02-18 15:40:52  >Расчет дебита 2020-02-15
2020-02-18 15:41:05  Расчет дебита Add
2020-02-18 15:41:05  >Расчет дебита 2020-02-14
2020-02-18 15:41:17  Расчет дебита Add
2020-02-18 15:41:17  >Расчет дебита 2020-02-13
2020-02-18 15:41:28  Расчет дебита Add
2020-02-18 15:41:28  >Расчет дебита 2020-02-12
2020-02-18 15:47:33  Расчет дебита Add
2020-02-18 15:47:33  >Расчет дебита 2020-02-11
2020-02-18 15:52:38  Расчет дебита Add
2020-02-18 15:52:38  >Расчет дебита 2020-02-10
2020-02-18 16:00:13  Расчет дебита Add
2020-02-18 16:00:13  >Расчет дебита 2020-02-09
2020-02-18 16:08:16  Расчет дебита Add
2020-02-18 16:08:16  >Расчет дебита 2020-02-08
2020-02-18 16:15:52  Расчет дебита Add
2020-02-18 16:15:52  >Расчет дебита 2020-02-07
2020-02-18 16:24:46  Расчет дебита Add
2020-02-18 16:24:46  >Расчет дебита 2020-02-06
2020-02-18 16:33:09  Расчет дебита Add
2020-02-18 16:33:09  >Расчет дебита 2020-02-05
2020-02-18 16:41:56  Расчет дебита Add
2020-02-18 16:41:56  >Расчет дебита 2020-02-04
2020-02-18 16:50:47  Расчет дебита Add
2020-02-18 16:50:47  >Расчет дебита 2020-02-03
2020-02-18 17:00:30  Расчет дебита Add
